<?xml version="1.0" encoding="UTF-8"?>
<!-- Generated by org.testng.reporters.JUnitReportReporter -->
<testsuite hostname="DESKTOP-137NM9T" failures="0" tests="23" name="com.bdd.Runner_files.Test_Runner_TestNG" time="176.762" errors="0" timestamp="07 Jan 2024 21:59:45 GMT" skipped="0">
  <testcase classname="com.bdd.Runner_files.Test_Runner_TestNG" name="runScenario" time="7.112"/>
  <testcase classname="com.bdd.Runner_files.Test_Runner_TestNG" name="runScenario" time="7.930"/>
  <testcase classname="com.bdd.Runner_files.Test_Runner_TestNG" name="runScenario" time="7.174"/>
  <testcase classname="com.bdd.Runner_files.Test_Runner_TestNG" name="runScenario" time="5.239"/>
  <testcase classname="com.bdd.Runner_files.Test_Runner_TestNG" name="runScenario" time="6.930"/>
  <testcase classname="com.bdd.Runner_files.Test_Runner_TestNG" name="runScenario" time="7.530"/>
  <testcase classname="com.bdd.Runner_files.Test_Runner_TestNG" name="runScenario" time="6.600"/>
  <testcase classname="com.bdd.Runner_files.Test_Runner_TestNG" name="runScenario" time="13.421"/>
  <testcase classname="com.bdd.Runner_files.Test_Runner_TestNG" name="runScenario" time="8.090"/>
  <testcase classname="com.bdd.Runner_files.Test_Runner_TestNG" name="runScenario" time="8.949"/>
  <testcase classname="com.bdd.Runner_files.Test_Runner_TestNG" name="runScenario" time="6.594"/>
  <testcase classname="com.bdd.Runner_files.Test_Runner_TestNG" name="runScenario" time="7.548"/>
  <testcase classname="com.bdd.Runner_files.Test_Runner_TestNG" name="runScenario" time="6.989"/>
  <testcase classname="com.bdd.Runner_files.Test_Runner_TestNG" name="runScenario" time="10.074"/>
  <testcase classname="com.bdd.Runner_files.Test_Runner_TestNG" name="runScenario" time="6.942"/>
  <testcase classname="com.bdd.Runner_files.Test_Runner_TestNG" name="runScenario" time="8.179"/>
  <testcase classname="com.bdd.Runner_files.Test_Runner_TestNG" name="runScenario" time="5.977"/>
  <testcase classname="com.bdd.Runner_files.Test_Runner_TestNG" name="runScenario" time="8.129"/>
  <testcase classname="com.bdd.Runner_files.Test_Runner_TestNG" name="runScenario" time="7.361"/>
  <testcase classname="com.bdd.Runner_files.Test_Runner_TestNG" name="runScenario" time="7.925"/>
  <testcase classname="com.bdd.Runner_files.Test_Runner_TestNG" name="runScenario" time="6.434"/>
  <testcase classname="com.bdd.Runner_files.Test_Runner_TestNG" name="runScenario" time="8.498"/>
  <testcase classname="com.bdd.Runner_files.Test_Runner_TestNG" name="runScenario" time="7.137"/>
</testsuite> <!-- com.bdd.Runner_files.Test_Runner_TestNG -->
